

*******************************************************************************
Tue Feb 11 08:39:52 2025


FIT:    data read from 'B56.337G_22_fit.tmp' u 1:2
        format = x:z
        #datapoints = 391
        residuals are weighted equally (unit weight)

function used for fitting: f(x)
	f(x)=a*x+b
fitted parameters initialized with current variable values

iter      chisq       delta/lim  lambda   a             b            
   0 7.3258105495e+07   0.00e+00  3.31e+02    1.000000e+00   1.000000e+00
   6 1.6679321585e-10  -1.24e-01  3.31e-04    7.799302e-02  -4.023854e-02

After 6 iterations the fit converged.
final sum of squares of residuals : 1.66793e-10
rel. change during last iteration : -1.2368e-06

degrees of freedom    (FIT_NDF)                        : 389
rms of residuals      (FIT_STDFIT) = sqrt(WSSR/ndf)    : 6.54809e-07
variance of residuals (reduced chisquare) = WSSR/ndf   : 4.28774e-13

Final set of parameters            Asymptotic Standard Error
=======================            ==========================
a               = 0.077993         +/- 1.467e-10    (1.881e-07%)
b               = -0.0402385       +/- 6.872e-08    (0.0001708%)

correlation matrix of the fit parameters:
                a      b      
a               1.000 
b              -0.876  1.000 
